Build started 02/10/2015 20:29:43.
     1>Project "C:\Users\Strixx\documents\visual studio 2015\Projects\d2d1\d2d1\d2d1.vcxproj" on node 2 (Build target(s)).
     1>ClCompile:
         C:\Program Files (x86)\Microsoft Visual Studio 14.0\VC\bin\CL.exe /c /ZI /nologo /W3 /WX- /sdl /Od /Oy- /D WIN32 /D _DEBUG /D _WINDOWS /D _UNICODE /D UNICODE /Gm /EHsc /RTC1 /MDd /GS /fp:precise /Zc:wchar_t /Zc:forScope /Zc:inline /Yu"stdafx.h" /Fp"Debug\d2d1.pch" /Fo"Debug\\" /Fd"Debug\vc140.pdb" /Gd /TP /analyze- /errorReport:prompt cppKraken.cpp
         cppKraken.cpp
       Link:
         C:\Program Files (x86)\Microsoft Visual Studio 14.0\VC\bin\link.exe /ERRORREPORT:PROMPT /OUT:"C:\Users\Strixx\documents\visual studio 2015\Projects\d2d1\Debug\d2d1.exe" /INCREMENTAL /NOLOGO kernel32.lib user32.lib gdi32.lib winspool.lib comdlg32.lib advapi32.lib shell32.lib ole32.lib oleaut32.lib uuid.lib odbc32.lib odbccp32.lib /MANIFEST /MANIFESTUAC:"level='asInvoker' uiAccess='false'" /manifest:embed /Debug /PDB:"C:\Users\Strixx\documents\visual studio 2015\Projects\d2d1\Debug\d2d1.pdb" /SUBSYSTEM:WINDOWS /TLBID:1 /DYNAMICBASE /NXCOMPAT /IMPLIB:"C:\Users\Strixx\documents\visual studio 2015\Projects\d2d1\Debug\d2d1.lib" /MACHINE:X86 Debug\d2d1.res
         Debug\d2d1.obj
         Debug\cppKraken.obj
         Debug\stdafx.obj
     1>cppKraken.obj : error LNK2019: unresolved external symbol _D2D1CreateFactory@16 referenced in function "long __cdecl D2D1CreateFactory(enum D2D1_FACTORY_TYPE,struct _GUID const &,void * *)" (?D2D1CreateFactory@@YAJW4D2D1_FACTORY_TYPE@@ABU_GUID@@PAPAX@Z)
     1>C:\Users\Strixx\documents\visual studio 2015\Projects\d2d1\Debug\d2d1.exe : fatal error LNK1120: 1 unresolved externals
     1>Done Building Project "C:\Users\Strixx\documents\visual studio 2015\Projects\d2d1\d2d1\d2d1.vcxproj" (Build target(s)) -- FAILED.

Build FAILED.

Time Elapsed 00:00:00.35
